Mplus VERSION 7.3
MUTHEN & MUTHEN
03/06/2017   9:30 PM

INPUT INSTRUCTIONS

  DATA:
            !PROVIDE NAME OF DATAFILE
            FILE IS longitudinal mediation.dat ;

  VARIABLE:
            !PROVIDE VARIABLE NAMES
            Names are y0 y1 y2 y3 m0 m1 m2 m3 r1 r2 r3 r4 ;
            !PROVIDE NAMES OF VARIABLES TO BE USED IN MODEL
            !NOTE ONE TREATMENT DUMMY VARIABLE LEFT OUT TO BE REFERENCE CATEGORY
            USEVARIABLES ARE y0 y1 y2 y3 m0 m1 m2 m3 r1 r2 r3 ;
            !MISSING DATA ARE CODED AS 99 IN THE DATASET
            Missing are all (99);

            !REQUEST BOOTSTRAP ANALYSIS TO GET CONFIDENCE INTERVALS FOR INDIRECT EFFECTS
  ANALYSIS: BOOTSTRAP = 1000 ;


  MODEL:
             !MEASUREMENT MODEL FOR MEDIATOR
             !LATENT CHANGE MODEL SETTING ALL LOADINGS TO 1
             !LATENT VARIABLE IS CHANGE BETWEEN CURRENT AND PREVIOUS TIME POINT
                        fm0 by m0@1 m1@1 m2@1 m3@1  ;
                        fm1 by m1@1 m2@1 m3@1 ;
                        fm2 by m2@1 m3@1 ;
                        fm3 by m3@1 ;

             !(1) CONSTRAINS RESIDUAL VARIANCES TO BE EQUAL ACROSS
             !MEDIATOR MEASURES
                        m0 m1 m2 m3 (1);

             !MEASUREMENT MODEL FOR OUTCOME
             !LATENT CHANGE MODEL SETTING ALL LOADINGS TO 1
             !LATENT VARIABLE IS CHANGE BETWEEN CURRENT AND PREVIOUS TIME POINT
                        fy0 by y0@1 y1@1 y2@1 y3@1 ;
                        fy1 by y1@1 y2@1 y3@1 ;
                        fy2 by y2@1 y3@1 ;
                        fy3 by y3@1 ;

             !(2) CONSTRAINS RESIDUAL VARIANCES TO BE EQUAL ACROSS
             !MEDIATOR MEASURES
                        y0 y1 y2 y3 (2);

             !A PATH EFFECTS OF TREATMENT GROUP ON MEDIATOR AT FIRST TIME POINT
                        fm1 on r1*0 (a11) ;
                        fm1 on r2*0 (a21) ;
                        fm1 on r3*0 (a31) ;

             !A PATH EFFECTS OF TREATMENT GROUP ON MEDIATOR AT SECOND TIME POINT
                        fm2 on r1*0 (a12) ;
                        fm2 on r2*0 (a22) ;
                        fm2 on r3*0 (a32) ;

             !NO EFFECT OF TREATMENT GROUP ON MEDIATOR AT THIRD TIME POINT
                        fm3 on r1@0 r2@0 r3@0 ;

             !C' PATH EFFECTS OF TREATMENT GROUP ON OUTCOME AT FIRST TIME POINT
                        fy1 on r1*0 (c11) ;
                        fy1 on r2*0 (c21) ;
                        fy1 on r3*0 (c31) ;

             !C' PATH EFFECTS OF TREATMENT GROUP ON OUTCOME AT SECOND TIME POINT
                        fy2 on r1*0 (c12) ;
                        fy2 on r2*0 (c22) ;
                        fy2 on r3*0 (c32) ;

             !NO EFFECT OF TREATMENT GROUP ON OUTCOME AT THIRD TIME POINT
                        fy3 on r1@0 r2@0 r3@0 ;

             !CONTEMPORANEOUS B PATH EFFECTS
                        fy1 on fm1*0 (b) ;
                        fy2 on fm2*0 (b) ;
                        fy3 on fm3*0 (b) ;

             !ALLOW FOR COVARIANCE BETWEEN BASELINE MEDIATOR
             !AND OUTCOME TRUE VARIATION ON CHANGE SCORES
             !CONSTRAIN COVARIANCE BETWEEN BASELINE MEDIATOR
             !AND OUTCOME TRUE SCORES = 0 AT OTHER TIME POINTS
                        fm0 with fy0*0 ;
                        fm1 with fy1@0 ;
                        fm2 with fy2@0 ;
                        fm3 with fy3@0 ;
                        fy1 with fy2@0 ;
                        fy2 with fy3@0 ;
                        fy1 with fy3@0 ;

             !ALLOW FOR RESIDUAL COVARIANCE BETWEEN MEDIATOR AND OUTCOME AT EACH
             !TIME POINT AND CONSTRAIN TO BE EQUAL (4 AT END OF EACH LINE)
                        m0 with y0 (4) ;
                        y1 with m1 (4) ;
                        y2 with m2 (4) ;
                        y3 with m3 (4) ;

             !USE OF THE BUILT IN MPLUS COMMAND TO REQUEST INDIRECT EFFECTS
             !FOR EACH POST-RANDOMISATION TIME POINT
  MODEL INDIRECT:      y1 ind r1 ;
                       y2 ind r1 ;
                       y3 ind r1 ;
                       y1 ind r2 ;
                       y2 ind r2 ;
                       y3 ind r2 ;
                       y1 ind r3 ;
                       y2 ind r3 ;
                       y3 ind r3 ;

              !BUILT IN COMMAND DOES NOT PROVIDE ALL EFFECTS OF INTEREST
              !BELOW SHOWS USE OF MODEL CONSTRAINT COMMAND TO GET ALL EFFECTS

  MODEL CONSTRAINT:
               !EFFECTS FOR R1
               NEW(r1i11 r1i1t r1d11 r1d1t r11t);
               NEW(r1i21 r1i22 r1i2t r1d21 r1d22 r1d2t r12t);
               NEW(r1i31 r1i32 r1i3t r1d31 r1d32 r1d3t r13t) ;

               !FIRST INDIRECT EFFECT TIME POINT 1
                      r1i11 = a11*b*1 ;
               !TOTAL INDIRECT EFFECT TIME POINT 1
                      r1i1t = r1i11 ;
               !FIRST DIRECT EFFECT TIME POINT 1
                      r1d11 = c11*1 ;
               !TOTAL DIRECT EFFECT TIME POINT 1
                      r1d1t = r1d11 ;
               !TOTAL EFFECT TIME POINT 1 = TOTAL INDIRECT + TOTAL DIRECT
                      r11t = r1i1t + r1d1t ;

               !FIRST INDIRECT EFFECT TIME POINT 2
                      r1i21 = a11*b*1 ;
               !SECOND INDIRECT EFFECT TIME POINT 2
                      r1i22 = a12*b*1 ;
               !TOTAL INDIRECT EFFECT TIME POINT 2
                      r1i2t = r1i21 + r1i22 ;
               !FIRST DIRECT EFFECT TIME POINT 2
                      r1d21 = c11*1 ;
               !SECOND DIRECT EFFECT TIME POINT 2
                      r1d22 = c12*1 ;
               !TOTAL DIRECT EFFECT TIME POINT 2
                      r1d2t = r1d21 + r1d22 ;
               !TOTAL EFFECT TIME POINT 2 = TOTAL INDIRECT + TOTAL DIRECT
                      r12t = r1i2t + r1d2t ;

                !FIRST INDIRECT EFFECT TIME POINT 3
                      r1i31 = a11*b*1 ;
                !SECOND INDIRECT EFFECT TIME POINT 3
                      r1i32 = a12*b*1 ;
                !TOTAL INDIRECT EFFECT TIME POINT 3
                      r1i3t = r1i31 + r1i32 ;
                !FIRST DIRECT EFFECT TIME POINT 3
                      r1d31 = c11*1 ;
                !SECOND DIRECT EFFECT TIME POINT 3
                      r1d32 = c12*1 ;
                !TOTAL DIRECT EFFECT TIME POINT 3
                      r1d3t = r1d31 + r1d32 ;
                !TOTAL EFFECT TIME POINT 3 = TOTAL INDIRECT + TOTAL DIRECT
                      r13t = r1i3t + r1d3t ;

               !EFFECTS FOR R2
               NEW(r2i11 r2i1t r2d11 r2d1t r21t);
               NEW(r2i21 r2i22 r2i2t r2d21 r2d22 r2d2t r22t);
               NEW(r2i31 r2i32 r2i3t r2d31 r2d32 r2d3t r23t) ;

               !FIRST INDIRECT EFFECT TIME POINT 1
                      r2i11 = a21*b*1 ;
               !TOTAL INDIRECT EFFECT TIME POINT 1
                      r2i1t = r2i11 ;
               !FIRST DIRECT EFFECT TIME POINT 1
                      r2d11 = c21*1 ;
               !TOTAL DIRECT EFFECT TIME POINT 1
                      r2d1t = r2d11 ;
               !TOTAL EFFECT TIME POINT 1 = TOTAL INDIRECT + TOTAL DIRECT
                      r21t = r2i1t + r2d1t ;

               !FIRST INDIRECT EFFECT TIME POINT 2
                      r2i21 = a21*b*1 ;
               !SECOND INDIRECT EFFECT TIME POINT 2
                      r2i22 = a22*b*1 ;
               !TOTAL INDIRECT EFFECT TIME POINT 2
                      r2i2t = r2i21 + r2i22 ;
               !FIRST DIRECT EFFECT TIME POINT 2
                      r2d21 = c21*1 ;
               !SECOND DIRECT EFFECT TIME POINT 2
                      r2d22 = c22*1 ;
               !TOTAL DIRECT EFFECT TIME POINT 2
                      r2d2t = r2d21 + r2d22 ;
               !TOTAL EFFECT TIME POINT 2 = TOTAL INDIRECT + TOTAL DIRECT
                      r22t = r2i2t + r2d2t ;

                !FIRST INDIRECT EFFECT TIME POINT 3
                      r2i31 = a21*b*1 ;
                !SECOND INDIRECT EFFECT TIME POINT 3
                      r2i32 = a22*b*1 ;
                !TOTAL INDIRECT EFFECT TIME POINT 3
                      r2i3t = r2i31 + r2i32 ;
                !FIRST DIRECT EFFECT TIME POINT 3
                      r2d31 = c21*1 ;
                !SECOND DIRECT EFFECT TIME POINT 3
                      r2d32 = c22*1 ;
                !TOTAL DIRECT EFFECT TIME POINT 3
                      r2d3t = r2d31 + r2d32 ;
                !TOTAL EFFECT TIME POINT 3 = TOTAL INDIRECT + TOTAL DIRECT
                      r23t = r2i3t + r2d3t ;

               !EFFECTS FOR R3
               NEW(r3i11 r3i1t r3d11 r3d1t r31t);
               NEW(r3i21 r3i22 r3i2t r3d21 r3d22 r3d2t r32t);
               NEW(r3i31 r3i32 r3i3t r3d31 r3d32 r3d3t r33t) ;

               !FIRST INDIRECT EFFECT TIME POINT 1
                      r3i11 = a31*b*1 ;
               !TOTAL INDIRECT EFFECT TIME POINT 1
                      r3i1t = r3i11 ;
               !FIRST DIRECT EFFECT TIME POINT 1
                      r3d11 = c31*1 ;
               !TOTAL DIRECT EFFECT TIME POINT 1
                      r3d1t = r3d11 ;
               !TOTAL EFFECT TIME POINT 1 = TOTAL INDIRECT + TOTAL DIRECT
                      r31t = r3i1t + r3d1t ;

               !FIRST INDIRECT EFFECT TIME POINT 2
                      r3i21 = a31*b*1 ;
               !SECOND INDIRECT EFFECT TIME POINT 2
                      r3i22 = a32*b*1 ;
               !TOTAL INDIRECT EFFECT TIME POINT 2
                      r3i2t = r3i21 + r3i22 ;
               !FIRST DIRECT EFFECT TIME POINT 2
                      r3d21 = c31*1 ;
               !SECOND DIRECT EFFECT TIME POINT 2
                      r3d22 = c32*1 ;
               !TOTAL DIRECT EFFECT TIME POINT 2
                      r3d2t = r3d21 + r3d22 ;
               !TOTAL EFFECT TIME POINT 2 = TOTAL INDIRECT + TOTAL DIRECT
                      r32t = r3i2t + r3d2t ;

                !FIRST INDIRECT EFFECT TIME POINT 3
                      r3i31 = a31*b*1 ;
                !SECOND INDIRECT EFFECT TIME POINT 3
                      r3i32 = a32*b*1 ;
                !TOTAL INDIRECT EFFECT TIME POINT 3
                      r3i3t = r3i31 + r3i32 ;
                !FIRST DIRECT EFFECT TIME POINT 3
                      r3d31 = c31*1 ;
                !SECOND DIRECT EFFECT TIME POINT 3
                      r3d32 = c32*1 ;
                !TOTAL DIRECT EFFECT TIME POINT 3
                      r3d3t = r3d31 + r3d32 ;
                !TOTAL EFFECT TIME POINT 3 = TOTAL INDIRECT + TOTAL DIRECT
                      r33t = r3i3t + r3d3t ;

  OUTPUT:             CINTERVAL(BOOTSTRAP) ;



INPUT READING TERMINATED NORMALLY




SUMMARY OF ANALYSIS

Number of groups                                                 1
Number of observations                                         640

Number of dependent variables                                    8
Number of independent variables                                  3
Number of continuous latent variables                            8

Observed dependent variables

  Continuous
   Y0          Y1          Y2          Y3          M0          M1
   M2          M3

Observed independent variables
   R1          R2          R3

Continuous latent variables
   FM0         FM1         FM2         FM3         FY0         FY1
   FY2         FY3


Estimator                                                       ML
Information matrix                                        OBSERVED
Maximum number of iterations                                  1000
Convergence criterion                                    0.500D-04
Maximum number of steepest descent iterations                   20
Maximum number of iterations for H1                           2000
Convergence criterion for H1                             0.100D-03
Number of bootstrap draws
    Requested                                                 1000
    Completed                                                 1000

Input data file(s)
  longitudinal mediation.dat

Input data format  FREE


SUMMARY OF DATA

     Number of missing data patterns             1


COVARIANCE COVERAGE OF DATA

Minimum covariance coverage value   0.100


     PROPORTION OF DATA PRESENT


           Covariance Coverage
              Y0            Y1            Y2            Y3            M0
              ________      ________      ________      ________      ________
 Y0             1.000
 Y1             1.000         1.000
 Y2             1.000         1.000         1.000
 Y3             1.000         1.000         1.000         1.000
 M0             1.000         1.000         1.000         1.000         1.000
 M1             1.000         1.000         1.000         1.000         1.000
 M2             1.000         1.000         1.000         1.000         1.000
 M3             1.000         1.000         1.000         1.000         1.000
 R1             1.000         1.000         1.000         1.000         1.000
 R2             1.000         1.000         1.000         1.000         1.000
 R3             1.000         1.000         1.000         1.000         1.000


           Covariance Coverage
              M1            M2            M3            R1            R2
              ________      ________      ________      ________      ________
 M1             1.000
 M2             1.000         1.000
 M3             1.000         1.000         1.000
 R1             1.000         1.000         1.000         1.000
 R2             1.000         1.000         1.000         1.000         1.000
 R3             1.000         1.000         1.000         1.000         1.000


           Covariance Coverage
              R3
              ________
 R3             1.000



THE MODEL ESTIMATION TERMINATED NORMALLY



MODEL FIT INFORMATION

Number of Free Parameters                       33

Loglikelihood

          H0 Value                       -6695.888
          H1 Value                       -6668.032

Information Criteria

          Akaike (AIC)                   13457.777
          Bayesian (BIC)                 13605.005
          Sample-Size Adjusted BIC       13500.233
            (n* = (n + 2) / 24)

Chi-Square Test of Model Fit

          Value                             55.712
          Degrees of Freedom                    35
          P-Value                           0.0145

RMSEA (Root Mean Square Error Of Approximation)

          Estimate                           0.030
          90 Percent C.I.                    0.014  0.045
          Probability RMSEA <= .05           0.989

CFI/TLI

          CFI                                0.994
          TLI                                0.991

Chi-Square Test of Model Fit for the Baseline Model

          Value                           3311.177
          Degrees of Freedom                    52
          P-Value                           0.0000

SRMR (Standardized Root Mean Square Residual)

          Value                              0.028



MODEL RESULTS

                                                    Two-Tailed
                    Estimate       S.E.  Est./S.E.    P-Value

 FM0      BY
    M0                 1.000      0.000    999.000    999.000
    M1                 1.000      0.000    999.000    999.000
    M2                 1.000      0.000    999.000    999.000
    M3                 1.000      0.000    999.000    999.000

 FM1      BY
    M1                 1.000      0.000    999.000    999.000
    M2                 1.000      0.000    999.000    999.000
    M3                 1.000      0.000    999.000    999.000

 FM2      BY
    M2                 1.000      0.000    999.000    999.000
    M3                 1.000      0.000    999.000    999.000

 FM3      BY
    M3                 1.000      0.000    999.000    999.000

 FY0      BY
    Y0                 1.000      0.000    999.000    999.000
    Y1                 1.000      0.000    999.000    999.000
    Y2                 1.000      0.000    999.000    999.000
    Y3                 1.000      0.000    999.000    999.000

 FY1      BY
    Y1                 1.000      0.000    999.000    999.000
    Y2                 1.000      0.000    999.000    999.000
    Y3                 1.000      0.000    999.000    999.000

 FY2      BY
    Y2                 1.000      0.000    999.000    999.000
    Y3                 1.000      0.000    999.000    999.000

 FY3      BY
    Y3                 1.000      0.000    999.000    999.000

 FY1      ON
    FM1               -0.680      0.132     -5.159      0.000

 FY2      ON
    FM2               -0.680      0.132     -5.159      0.000

 FY3      ON
    FM3               -0.680      0.132     -5.159      0.000

 FM1      ON
    R1                -0.825      0.097     -8.480      0.000
    R2                 0.054      0.094      0.574      0.566
    R3                -0.957      0.096     -9.946      0.000

 FM2      ON
    R1                 0.028      0.089      0.313      0.754
    R2                 0.032      0.090      0.350      0.726
    R3                 0.090      0.088      1.017      0.309

 FM3      ON
    R1                 0.000      0.000    999.000    999.000
    R2                 0.000      0.000    999.000    999.000
    R3                 0.000      0.000    999.000    999.000

 FY1      ON
    R1                 0.043      0.162      0.266      0.790
    R2                 0.054      0.114      0.473      0.636
    R3                -0.163      0.175     -0.932      0.352

 FY2      ON
    R1                 0.183      0.110      1.666      0.096
    R2                 0.144      0.109      1.314      0.189
    R3                 0.294      0.112      2.617      0.009

 FY3      ON
    R1                 0.000      0.000    999.000    999.000
    R2                 0.000      0.000    999.000    999.000
    R3                 0.000      0.000    999.000    999.000

 FM0      WITH
    FY0                0.020      0.035      0.584      0.559

 FM1      WITH
    FY1                0.000      0.000    999.000    999.000

 FM2      WITH
    FY2                0.000      0.000    999.000    999.000

 FM3      WITH
    FY3                0.000      0.000    999.000    999.000

 FY1      WITH
    FY2                0.000      0.000    999.000    999.000
    FY3                0.000      0.000    999.000    999.000

 FY2      WITH
    FY3                0.000      0.000    999.000    999.000

 M0       WITH
    Y0                -0.044      0.014     -3.116      0.002

 Y1       WITH
    M1                -0.044      0.014     -3.116      0.002

 Y2       WITH
    M2                -0.044      0.014     -3.116      0.002

 Y3       WITH
    M3                -0.044      0.014     -3.116      0.002

 Intercepts
    Y0                -0.040      0.043     -0.947      0.344
    Y1                 0.241      0.082      2.945      0.003
    Y2                 0.278      0.101      2.736      0.006
    Y3                 0.483      0.103      4.670      0.000
    M0                 0.007      0.040      0.167      0.868
    M1                -0.092      0.071     -1.292      0.196
    M2                -0.334      0.073     -4.570      0.000
    M3                -0.383      0.075     -5.091      0.000

 Variances
    FM0                0.604      0.043     13.922      0.000
    FY0                0.820      0.052     15.697      0.000

 Residual Variances
    Y0                 0.295      0.024     12.306      0.000
    Y1                 0.295      0.024     12.306      0.000
    Y2                 0.295      0.024     12.306      0.000
    Y3                 0.295      0.024     12.306      0.000
    M0                 0.332      0.018     18.436      0.000
    M1                 0.332      0.018     18.436      0.000
    M2                 0.332      0.018     18.436      0.000
    M3                 0.332      0.018     18.436      0.000
    FM1                0.207      0.034      6.083      0.000
    FM2                0.137      0.028      4.907      0.000
    FM3                0.008      0.033      0.232      0.817
    FY1                0.437      0.058      7.545      0.000
    FY2                0.305      0.047      6.512      0.000
    FY3                0.327      0.059      5.500      0.000

New/Additional Parameters
    R1I11              0.561      0.134      4.196      0.000
    R1I1T              0.561      0.134      4.196      0.000
    R1D11              0.043      0.162      0.266      0.790
    R1D1T              0.043      0.162      0.266      0.790
    R11T               0.604      0.106      5.711      0.000
    R1I21              0.561      0.134      4.196      0.000
    R1I22             -0.019      0.063     -0.301      0.764
    R1I2T              0.542      0.125      4.335      0.000
    R1D21              0.043      0.162      0.266      0.790
    R1D22              0.183      0.110      1.666      0.096
    R1D2T              0.226      0.168      1.346      0.178
    R12T               0.768      0.125      6.126      0.000
    R1I31              0.561      0.134      4.196      0.000
    R1I32             -0.019      0.063     -0.301      0.764
    R1I3T              0.542      0.125      4.335      0.000
    R1D31              0.043      0.162      0.266      0.790
    R1D32              0.183      0.110      1.666      0.096
    R1D3T              0.226      0.168      1.346      0.178
    R13T               0.768      0.125      6.126      0.000
    R2I11             -0.037      0.067     -0.550      0.582
    R2I1T             -0.037      0.067     -0.550      0.582
    R2D11              0.054      0.114      0.473      0.636
    R2D1T              0.054      0.114      0.473      0.636
    R21T               0.017      0.112      0.152      0.879
    R2I21             -0.037      0.067     -0.550      0.582
    R2I22             -0.021      0.064     -0.335      0.738
    R2I2T             -0.058      0.068     -0.860      0.390
    R2D21              0.054      0.114      0.473      0.636
    R2D22              0.144      0.109      1.314      0.189
    R2D2T              0.198      0.132      1.494      0.135
    R22T               0.139      0.132      1.055      0.291
    R2I31             -0.037      0.067     -0.550      0.582
    R2I32             -0.021      0.064     -0.335      0.738
    R2I3T             -0.058      0.068     -0.860      0.390
    R2D31              0.054      0.114      0.473      0.636
    R2D32              0.144      0.109      1.314      0.189
    R2D3T              0.198      0.132      1.494      0.135
    R23T               0.139      0.132      1.055      0.291
    R3I11              0.650      0.146      4.461      0.000
    R3I1T              0.650      0.146      4.461      0.000
    R3D11             -0.163      0.175     -0.932      0.352
    R3D1T             -0.163      0.175     -0.932      0.352
    R31T               0.487      0.113      4.316      0.000
    R3I21              0.650      0.146      4.461      0.000
    R3I22             -0.061      0.064     -0.957      0.339
    R3I2T              0.589      0.134      4.399      0.000
    R3D21             -0.163      0.175     -0.932      0.352
    R3D22              0.294      0.112      2.617      0.009
    R3D2T              0.130      0.175      0.746      0.455
    R32T               0.720      0.133      5.395      0.000
    R3I31              0.650      0.146      4.461      0.000
    R3I32             -0.061      0.064     -0.957      0.339
    R3I3T              0.589      0.134      4.399      0.000
    R3D31             -0.163      0.175     -0.932      0.352
    R3D32              0.294      0.112      2.617      0.009
    R3D3T              0.130      0.175      0.746      0.455
    R33T               0.720      0.133      5.395      0.000


TOTAL, TOTAL INDIRECT, SPECIFIC INDIRECT, AND DIRECT EFFECTS


                                                    Two-Tailed
                    Estimate       S.E.  Est./S.E.    P-Value

Effects from R1 to Y1

  Total                0.604      0.106      5.711      0.000
  Total indirect       0.604      0.106      5.711      0.000

  Specific indirect

    Y1
    FY1
    R1                 0.043      0.162      0.266      0.790

    Y1
    FY1
    FM1
    R1                 0.561      0.134      4.196      0.000


Effects from R2 to Y1

  Total                0.017      0.112      0.152      0.879
  Total indirect       0.017      0.112      0.152      0.879

  Specific indirect

    Y1
    FY1
    R2                 0.054      0.114      0.473      0.636

    Y1
    FY1
    FM1
    R2                -0.037      0.067     -0.550      0.582


Effects from R3 to Y1

  Total                0.487      0.113      4.316      0.000
  Total indirect       0.487      0.113      4.316      0.000

  Specific indirect

    Y1
    FY1
    R3                -0.163      0.175     -0.932      0.352

    Y1
    FY1
    FM1
    R3                 0.650      0.146      4.461      0.000


Effects from R1 to Y2

  Total                0.768      0.125      6.126      0.000
  Total indirect       0.768      0.125      6.126      0.000

  Specific indirect

    Y2
    FY1
    R1                 0.043      0.162      0.266      0.790

    Y2
    FY2
    R1                 0.183      0.110      1.666      0.096

    Y2
    FY1
    FM1
    R1                 0.561      0.134      4.196      0.000

    Y2
    FY2
    FM2
    R1                -0.019      0.063     -0.301      0.764


Effects from R2 to Y2

  Total                0.139      0.132      1.055      0.291
  Total indirect       0.139      0.132      1.055      0.291

  Specific indirect

    Y2
    FY1
    R2                 0.054      0.114      0.473      0.636

    Y2
    FY2
    R2                 0.144      0.109      1.314      0.189

    Y2
    FY1
    FM1
    R2                -0.037      0.067     -0.550      0.582

    Y2
    FY2
    FM2
    R2                -0.021      0.064     -0.335      0.738


Effects from R3 to Y2

  Total                0.720      0.133      5.395      0.000
  Total indirect       0.720      0.133      5.395      0.000

  Specific indirect

    Y2
    FY1
    R3                -0.163      0.175     -0.932      0.352

    Y2
    FY2
    R3                 0.294      0.112      2.617      0.009

    Y2
    FY1
    FM1
    R3                 0.650      0.146      4.461      0.000

    Y2
    FY2
    FM2
    R3                -0.061      0.064     -0.957      0.339


Effects from R1 to Y3

  Total                0.768      0.125      6.126      0.000
  Total indirect       0.768      0.125      6.126      0.000

  Specific indirect

    Y3
    FY1
    R1                 0.043      0.162      0.266      0.790

    Y3
    FY2
    R1                 0.183      0.110      1.666      0.096

    Y3
    FY1
    FM1
    R1                 0.561      0.134      4.196      0.000

    Y3
    FY2
    FM2
    R1                -0.019      0.063     -0.301      0.764


Effects from R2 to Y3

  Total                0.139      0.132      1.055      0.291
  Total indirect       0.139      0.132      1.055      0.291

  Specific indirect

    Y3
    FY1
    R2                 0.054      0.114      0.473      0.636

    Y3
    FY2
    R2                 0.144      0.109      1.314      0.189

    Y3
    FY1
    FM1
    R2                -0.037      0.067     -0.550      0.582

    Y3
    FY2
    FM2
    R2                -0.021      0.064     -0.335      0.738


Effects from R3 to Y3

  Total                0.720      0.133      5.395      0.000
  Total indirect       0.720      0.133      5.395      0.000

  Specific indirect

    Y3
    FY1
    R3                -0.163      0.175     -0.932      0.352

    Y3
    FY2
    R3                 0.294      0.112      2.617      0.009

    Y3
    FY1
    FM1
    R3                 0.650      0.146      4.461      0.000

    Y3
    FY2
    FM2
    R3                -0.061      0.064     -0.957      0.339



CONFIDENCE INTERVALS OF MODEL RESULTS

                  Lower .5%  Lower 2.5%    Lower 5%    Estimate    Upper 5%  Upper 2.5%   Upper .5%

 FM0      BY
    M0               1.000       1.000       1.000       1.000       1.000       1.000       1.000
    M1               1.000       1.000       1.000       1.000       1.000       1.000       1.000
    M2               1.000       1.000       1.000       1.000       1.000       1.000       1.000
    M3               1.000       1.000       1.000       1.000       1.000       1.000       1.000

 FM1      BY
    M1               1.000       1.000       1.000       1.000       1.000       1.000       1.000
    M2               1.000       1.000       1.000       1.000       1.000       1.000       1.000
    M3               1.000       1.000       1.000       1.000       1.000       1.000       1.000

 FM2      BY
    M2               1.000       1.000       1.000       1.000       1.000       1.000       1.000
    M3               1.000       1.000       1.000       1.000       1.000       1.000       1.000

 FM3      BY
    M3               1.000       1.000       1.000       1.000       1.000       1.000       1.000

 FY0      BY
    Y0               1.000       1.000       1.000       1.000       1.000       1.000       1.000
    Y1               1.000       1.000       1.000       1.000       1.000       1.000       1.000
    Y2               1.000       1.000       1.000       1.000       1.000       1.000       1.000
    Y3               1.000       1.000       1.000       1.000       1.000       1.000       1.000

 FY1      BY
    Y1               1.000       1.000       1.000       1.000       1.000       1.000       1.000
    Y2               1.000       1.000       1.000       1.000       1.000       1.000       1.000
    Y3               1.000       1.000       1.000       1.000       1.000       1.000       1.000

 FY2      BY
    Y2               1.000       1.000       1.000       1.000       1.000       1.000       1.000
    Y3               1.000       1.000       1.000       1.000       1.000       1.000       1.000

 FY3      BY
    Y3               1.000       1.000       1.000       1.000       1.000       1.000       1.000

 FY1      ON
    FM1             -1.098      -0.986      -0.927      -0.680      -0.492      -0.449      -0.399

 FY2      ON
    FM2             -1.098      -0.986      -0.927      -0.680      -0.492      -0.449      -0.399

 FY3      ON
    FM3             -1.098      -0.986      -0.927      -0.680      -0.492      -0.449      -0.399

 FM1      ON
    R1              -1.116      -1.015      -0.984      -0.825      -0.660      -0.634      -0.585
    R2              -0.201      -0.129      -0.098       0.054       0.199       0.227       0.315
    R3              -1.224      -1.166      -1.121      -0.957      -0.803      -0.782      -0.746

 FM2      ON
    R1              -0.207      -0.140      -0.114       0.028       0.175       0.197       0.242
    R2              -0.199      -0.136      -0.107       0.032       0.180       0.205       0.256
    R3              -0.135      -0.083      -0.049       0.090       0.243       0.263       0.301

 FM3      ON
    R1               0.000       0.000       0.000       0.000       0.000       0.000       0.000
    R2               0.000       0.000       0.000       0.000       0.000       0.000       0.000
    R3               0.000       0.000       0.000       0.000       0.000       0.000       0.000

 FY1      ON
    R1              -0.459      -0.313      -0.243       0.043       0.283       0.333       0.393
    R2              -0.244      -0.177      -0.125       0.054       0.245       0.281       0.339
    R3              -0.682      -0.541      -0.483      -0.163       0.089       0.132       0.228

 FY2      ON
    R1              -0.085      -0.027       0.005       0.183       0.358       0.402       0.447
    R2              -0.156      -0.076      -0.032       0.144       0.323       0.359       0.432
    R3              -0.005       0.077       0.109       0.294       0.485       0.515       0.607

 FY3      ON
    R1               0.000       0.000       0.000       0.000       0.000       0.000       0.000
    R2               0.000       0.000       0.000       0.000       0.000       0.000       0.000
    R3               0.000       0.000       0.000       0.000       0.000       0.000       0.000

 FM0      WITH
    FY0             -0.073      -0.052      -0.038       0.020       0.078       0.090       0.101

 FM1      WITH
    FY1              0.000       0.000       0.000       0.000       0.000       0.000       0.000

 FM2      WITH
    FY2              0.000       0.000       0.000       0.000       0.000       0.000       0.000

 FM3      WITH
    FY3              0.000       0.000       0.000       0.000       0.000       0.000       0.000

 FY1      WITH
    FY2              0.000       0.000       0.000       0.000       0.000       0.000       0.000
    FY3              0.000       0.000       0.000       0.000       0.000       0.000       0.000

 FY2      WITH
    FY3              0.000       0.000       0.000       0.000       0.000       0.000       0.000

 M0       WITH
    Y0              -0.077      -0.069      -0.066      -0.044      -0.021      -0.014      -0.007

 Y1       WITH
    M1              -0.077      -0.069      -0.066      -0.044      -0.021      -0.014      -0.007

 Y2       WITH
    M2              -0.077      -0.069      -0.066      -0.044      -0.021      -0.014      -0.007

 Y3       WITH
    M3              -0.077      -0.069      -0.066      -0.044      -0.021      -0.014      -0.007

 Intercepts
    Y0              -0.155      -0.127      -0.111      -0.040       0.032       0.042       0.070
    Y1               0.029       0.067       0.098       0.241       0.368       0.392       0.446
    Y2               0.011       0.069       0.101       0.278       0.441       0.480       0.532
    Y3               0.198       0.277       0.304       0.483       0.656       0.688       0.738
    M0              -0.093      -0.070      -0.058       0.007       0.074       0.088       0.112
    M1              -0.269      -0.235      -0.208      -0.092       0.029       0.053       0.086
    M2              -0.515      -0.472      -0.451      -0.334      -0.212      -0.190      -0.151
    M3              -0.560      -0.530      -0.506      -0.383      -0.256      -0.230      -0.193

 Variances
    FM0              0.501       0.520       0.532       0.604       0.675       0.690       0.716
    FY0              0.692       0.716       0.735       0.820       0.907       0.925       0.961

 Residual Variances
    Y0               0.232       0.246       0.252       0.295       0.330       0.336       0.362
    Y1               0.232       0.246       0.252       0.295       0.330       0.336       0.362
    Y2               0.232       0.246       0.252       0.295       0.330       0.336       0.362
    Y3               0.232       0.246       0.252       0.295       0.330       0.336       0.362
    M0               0.286       0.297       0.302       0.332       0.363       0.368       0.377
    M1               0.286       0.297       0.302       0.332       0.363       0.368       0.377
    M2               0.286       0.297       0.302       0.332       0.363       0.368       0.377
    M3               0.286       0.297       0.302       0.332       0.363       0.368       0.377
    FM1              0.113       0.139       0.148       0.207       0.264       0.273       0.287
    FM2              0.063       0.079       0.089       0.137       0.183       0.193       0.216
    FM3             -0.083      -0.055      -0.047       0.008       0.061       0.075       0.100
    FY1              0.287       0.324       0.334       0.437       0.524       0.549       0.589
    FY2              0.180       0.214       0.225       0.305       0.381       0.395       0.417
    FY3              0.170       0.202       0.230       0.327       0.422       0.442       0.472

New/Additional Parameters
    R1I11            0.291       0.334       0.365       0.561       0.822       0.883       0.984
    R1I1T            0.291       0.334       0.365       0.561       0.822       0.883       0.984
    R1D11           -0.459      -0.313      -0.243       0.043       0.283       0.333       0.393
    R1D1T           -0.459      -0.313      -0.243       0.043       0.283       0.333       0.393
    R11T             0.344       0.398       0.427       0.604       0.775       0.808       0.885
    R1I21            0.291       0.334       0.365       0.561       0.822       0.883       0.984
    R1I22           -0.219      -0.144      -0.124      -0.019       0.079       0.099       0.153
    R1I2T            0.255       0.336       0.368       0.542       0.782       0.839       0.916
    R1D21           -0.459      -0.313      -0.243       0.043       0.283       0.333       0.393
    R1D22           -0.085      -0.027       0.005       0.183       0.358       0.402       0.447
    R1D2T           -0.257      -0.133      -0.071       0.226       0.469       0.528       0.642
    R12T             0.447       0.529       0.567       0.768       0.975       1.012       1.083
    R1I31            0.291       0.334       0.365       0.561       0.822       0.883       0.984
    R1I32           -0.219      -0.144      -0.124      -0.019       0.079       0.099       0.153
    R1I3T            0.255       0.336       0.368       0.542       0.782       0.839       0.916
    R1D31           -0.459      -0.313      -0.243       0.043       0.283       0.333       0.393
    R1D32           -0.085      -0.027       0.005       0.183       0.358       0.402       0.447
    R1D3T           -0.257      -0.133      -0.071       0.226       0.469       0.528       0.642
    R13T             0.447       0.529       0.567       0.768       0.975       1.012       1.083
    R2I11           -0.239      -0.175      -0.142      -0.037       0.071       0.091       0.153
    R2I1T           -0.239      -0.175      -0.142      -0.037       0.071       0.091       0.153
    R2D11           -0.244      -0.177      -0.125       0.054       0.245       0.281       0.339
    R2D1T           -0.244      -0.177      -0.125       0.054       0.245       0.281       0.339
    R21T            -0.248      -0.205      -0.161       0.017       0.206       0.241       0.314
    R2I21           -0.239      -0.175      -0.142      -0.037       0.071       0.091       0.153
    R2I22           -0.205      -0.154      -0.135      -0.021       0.076       0.100       0.148
    R2I2T           -0.240      -0.200      -0.178      -0.058       0.049       0.067       0.131
    R2D21           -0.244      -0.177      -0.125       0.054       0.245       0.281       0.339
    R2D22           -0.156      -0.076      -0.032       0.144       0.323       0.359       0.432
    R2D2T           -0.173      -0.066      -0.027       0.198       0.418       0.452       0.521
    R22T            -0.218      -0.115      -0.077       0.139       0.349       0.406       0.475
    R2I31           -0.239      -0.175      -0.142      -0.037       0.071       0.091       0.153
    R2I32           -0.205      -0.154      -0.135      -0.021       0.076       0.100       0.148
    R2I3T           -0.240      -0.200      -0.178      -0.058       0.049       0.067       0.131
    R2D31           -0.244      -0.177      -0.125       0.054       0.245       0.281       0.339
    R2D32           -0.156      -0.076      -0.032       0.144       0.323       0.359       0.432
    R2D3T           -0.173      -0.066      -0.027       0.198       0.418       0.452       0.521
    R23T            -0.218      -0.115      -0.077       0.139       0.349       0.406       0.475
    R3I11            0.352       0.408       0.444       0.650       0.926       0.987       1.104
    R3I1T            0.352       0.408       0.444       0.650       0.926       0.987       1.104
    R3D11           -0.682      -0.541      -0.483      -0.163       0.089       0.132       0.228
    R3D1T           -0.682      -0.541      -0.483      -0.163       0.089       0.132       0.228
    R31T             0.183       0.261       0.309       0.487       0.684       0.711       0.758
    R3I21            0.352       0.408       0.444       0.650       0.926       0.987       1.104
    R3I22           -0.248      -0.196      -0.172      -0.061       0.035       0.056       0.100
    R3I2T            0.297       0.371       0.400       0.589       0.854       0.902       0.961
    R3D21           -0.682      -0.541      -0.483      -0.163       0.089       0.132       0.228
    R3D22           -0.005       0.077       0.109       0.294       0.485       0.515       0.607
    R3D2T           -0.361      -0.255      -0.189       0.130       0.399       0.438       0.527
    R32T             0.396       0.471       0.501       0.720       0.947       0.978       1.065
    R3I31            0.352       0.408       0.444       0.650       0.926       0.987       1.104
    R3I32           -0.248      -0.196      -0.172      -0.061       0.035       0.056       0.100
    R3I3T            0.297       0.371       0.400       0.589       0.854       0.902       0.961
    R3D31           -0.682      -0.541      -0.483      -0.163       0.089       0.132       0.228
    R3D32           -0.005       0.077       0.109       0.294       0.485       0.515       0.607
    R3D3T           -0.361      -0.255      -0.189       0.130       0.399       0.438       0.527
    R33T             0.396       0.471       0.501       0.720       0.947       0.978       1.065


CONFIDENCE INTERVALS OF TOTAL, TOTAL INDIRECT, SPECIFIC INDIRECT, AND DIRECT EFFECTS


                  Lower .5%  Lower 2.5%    Lower 5%    Estimate    Upper 5%  Upper 2.5%   Upper .5%

Effects from R1 to Y1

  Total              0.344       0.398       0.427       0.604       0.775       0.808       0.885
  Total indirect     0.344       0.398       0.427       0.604       0.775       0.808       0.885

  Specific indirect

    Y1
    FY1
    R1              -0.459      -0.313      -0.243       0.043       0.283       0.333       0.393

    Y1
    FY1
    FM1
    R1               0.291       0.334       0.365       0.561       0.822       0.883       0.984


Effects from R2 to Y1

  Total             -0.248      -0.205      -0.161       0.017       0.206       0.241       0.314
  Total indirect    -0.248      -0.205      -0.161       0.017       0.206       0.241       0.314

  Specific indirect

    Y1
    FY1
    R2              -0.244      -0.177      -0.125       0.054       0.245       0.281       0.339

    Y1
    FY1
    FM1
    R2              -0.239      -0.175      -0.142      -0.037       0.071       0.091       0.153


Effects from R3 to Y1

  Total              0.183       0.261       0.309       0.487       0.684       0.711       0.758
  Total indirect     0.183       0.261       0.309       0.487       0.684       0.711       0.758

  Specific indirect

    Y1
    FY1
    R3              -0.682      -0.541      -0.483      -0.163       0.089       0.132       0.228

    Y1
    FY1
    FM1
    R3               0.352       0.408       0.444       0.650       0.926       0.987       1.104


Effects from R1 to Y2

  Total              0.447       0.529       0.567       0.768       0.975       1.012       1.083
  Total indirect     0.447       0.529       0.567       0.768       0.975       1.012       1.083

  Specific indirect

    Y2
    FY1
    R1              -0.459      -0.313      -0.243       0.043       0.283       0.333       0.393

    Y2
    FY2
    R1              -0.085      -0.027       0.005       0.183       0.358       0.402       0.447

    Y2
    FY1
    FM1
    R1               0.291       0.334       0.365       0.561       0.822       0.883       0.984

    Y2
    FY2
    FM2
    R1              -0.219      -0.144      -0.124      -0.019       0.079       0.099       0.153


Effects from R2 to Y2

  Total             -0.218      -0.115      -0.077       0.139       0.349       0.406       0.475
  Total indirect    -0.218      -0.115      -0.077       0.139       0.349       0.406       0.475

  Specific indirect

    Y2
    FY1
    R2              -0.244      -0.177      -0.125       0.054       0.245       0.281       0.339

    Y2
    FY2
    R2              -0.156      -0.076      -0.032       0.144       0.323       0.359       0.432

    Y2
    FY1
    FM1
    R2              -0.239      -0.175      -0.142      -0.037       0.071       0.091       0.153

    Y2
    FY2
    FM2
    R2              -0.205      -0.154      -0.135      -0.021       0.076       0.100       0.148


Effects from R3 to Y2

  Total              0.396       0.471       0.501       0.720       0.947       0.978       1.065
  Total indirect     0.396       0.471       0.501       0.720       0.947       0.978       1.065

  Specific indirect

    Y2
    FY1
    R3              -0.682      -0.541      -0.483      -0.163       0.089       0.132       0.228

    Y2
    FY2
    R3              -0.005       0.077       0.109       0.294       0.485       0.515       0.607

    Y2
    FY1
    FM1
    R3               0.352       0.408       0.444       0.650       0.926       0.987       1.104

    Y2
    FY2
    FM2
    R3              -0.248      -0.196      -0.172      -0.061       0.035       0.056       0.100


Effects from R1 to Y3

  Total              0.447       0.529       0.567       0.768       0.975       1.012       1.083
  Total indirect     0.447       0.529       0.567       0.768       0.975       1.012       1.083

  Specific indirect

    Y3
    FY1
    R1              -0.459      -0.313      -0.243       0.043       0.283       0.333       0.393

    Y3
    FY2
    R1              -0.085      -0.027       0.005       0.183       0.358       0.402       0.447

    Y3
    FY1
    FM1
    R1               0.291       0.334       0.365       0.561       0.822       0.883       0.984

    Y3
    FY2
    FM2
    R1              -0.219      -0.144      -0.124      -0.019       0.079       0.099       0.153


Effects from R2 to Y3

  Total             -0.218      -0.115      -0.077       0.139       0.349       0.406       0.475
  Total indirect    -0.218      -0.115      -0.077       0.139       0.349       0.406       0.475

  Specific indirect

    Y3
    FY1
    R2              -0.244      -0.177      -0.125       0.054       0.245       0.281       0.339

    Y3
    FY2
    R2              -0.156      -0.076      -0.032       0.144       0.323       0.359       0.432

    Y3
    FY1
    FM1
    R2              -0.239      -0.175      -0.142      -0.037       0.071       0.091       0.153

    Y3
    FY2
    FM2
    R2              -0.205      -0.154      -0.135      -0.021       0.076       0.100       0.148


Effects from R3 to Y3

  Total              0.396       0.471       0.501       0.720       0.947       0.978       1.065
  Total indirect     0.396       0.471       0.501       0.720       0.947       0.978       1.065

  Specific indirect

    Y3
    FY1
    R3              -0.682      -0.541      -0.483      -0.163       0.089       0.132       0.228

    Y3
    FY2
    R3              -0.005       0.077       0.109       0.294       0.485       0.515       0.607

    Y3
    FY1
    FM1
    R3               0.352       0.408       0.444       0.650       0.926       0.987       1.104

    Y3
    FY2
    FM2
    R3              -0.248      -0.196      -0.172      -0.061       0.035       0.056       0.100



DIAGRAM INFORMATION

  Use View Diagram under the Diagram menu in the Mplus Editor to view the diagram.
  If running Mplus from the Mplus Diagrammer, the diagram opens automatically.

  Diagram output
    u:\_ phd stuff\thesis papers\papers\three types of sem\second revision if there is one\mplus dat

     Beginning Time:  21:30:57
        Ending Time:  21:31:04
       Elapsed Time:  00:00:07



MUTHEN & MUTHEN
3463 Stoner Ave.
Los Angeles, CA  90066

Tel: (310) 391-9971
Fax: (310) 391-8971
Web: www.StatModel.com
Support: Support@StatModel.com

Copyright (c) 1998-2014 Muthen & Muthen
