Mplus VERSION 7.3
MUTHEN & MUTHEN
03/06/2017   9:32 PM

INPUT INSTRUCTIONS

  DATA:
            !PROVIDE NAME OF DATAFILE
            FILE IS longitudinal mediation.dat ;

  VARIABLE:
            !PROVIDE VARIABLE NAMES
            Names are y0 y1 y2 y3 m0 m1 m2 m3 r1 r2 r3 r4 ;
            !PROVIDE NAMES OF VARIABLES TO BE USED IN MODEL
            !NOTE ONE TREATMENT DUMMY VARIABLE LEFT OUT TO BE REFERENCE CATEGORY
            USEVARIABLES ARE y0 y1 y2 y3 m0 m1 m2 m3 r1 r2 r3 ;
            !MISSING DATA ARE CODED AS 99 IN THE DATASET
            Missing are all (99);

            !REQUEST BOOTSTRAP ANALYSIS TO GET CONFIDENCE INTERVALS FOR INDIRECT EFFECTS
  ANALYSIS: BOOTSTRAP = 1000 ;


  MODEL:
             !MEASUREMENT MODEL FOR MEDIATOR
             !LOADING BASED ON LATENT CHANGE MODEL WHERE ALL LOADINGS WOULD BE 1
             !AND LATENT VARIABLE WOULD BE CHANGE BETWEEN CURRENT AND PREVIOUS TIME POINT
             !HERE MPLUS WILL SET FIRST FACTOR LOADING TO 1
             !ALLOWING OTHER FACTOR LOADINGS TO BE ESTIMATED BUT CONSTRAINED TO BE EQUAL
             !(1) AT THE END OF EACH LINE INDICATES THAT THE
             !FACTOR LOADINGS CONSTRAINED TO BE EQUAL
                        fm0 by m0 m1 m2 m3 (1) ;
                        fm1 by m1 m2 m3 (1) ;
                        fm2 by m2 m3 (1) ;
                        fm3 by m3 (1) ;

             !(2) CONSTRAINS RESIDUAL VARIANCES TO BE EQUAL ACROSS
             !MEDIATOR MEASURES
                        m0 m1 m2 m3 (2);

             !MEASUREMENT MODEL FOR OUTCOME
             !LOADING BASED ON LATENT CHANGE MODEL WHERE ALL LOADINGS WOULD BE 1
             !AND LATENT VARIABLE WOULD BE CHANGE BETWEEN CURRENT AND PREVIOUS TIME POINT
             !HERE MPLUS WILL SET FIRST FACTOR LOADING TO 1
             !ALLOWING OTHER FACTOR LOADINGS TO BE ESTIMATED BUT CONSTRAINED TO BE EQUAL
             !(y) AT THE END OF EACH LINE INDICATES THAT THE
             !FACTOR LOADINGS CONSTRAINED TO BE EQUAL
             !AND CAPTURES PARAMETER FOR EFFECT CALCULATIONS
                        fy0 by y0 y1 y2 y3 (y) ;
                        fy1 by y1 y2 y3 (y) ;
                        fy2 by y2 y3 (y) ;
                        fy3 by y3 (y) ;

             !(3) CONSTRAINS RESIDUAL VARIANCES TO BE EQUAL ACROSS
             !MEDIATOR MEASURES
                        y0 y1 y2 y3 (3);

             !A PATH EFFECTS OF TREATMENT GROUP ON MEDIATOR AT FIRST TIME POINT
                        fm1 on r1*0 (a11) ;
                        fm1 on r2*0 (a21) ;
                        fm1 on r3*0 (a31) ;

             !A PATH EFFECTS OF TREATMENT GROUP ON MEDIATOR AT SECOND TIME POINT
                        fm2 on r1*0 (a12) ;
                        fm2 on r2*0 (a22) ;
                        fm2 on r3*0 (a32) ;

             !NO EFFECT OF TREATMENT GROUP ON MEDIATOR AT THIRD TIME POINT
                        fm3 on r1@0 r2@0 r3@0 ;

             !C' PATH EFFECTS OF TREATMENT GROUP ON OUTCOME AT FIRST TIME POINT
                        fy1 on r1*0 (c11) ;
                        fy1 on r2*0 (c21) ;
                        fy1 on r3*0 (c31) ;

             !C' PATH EFFECTS OF TREATMENT GROUP ON OUTCOME AT SECOND TIME POINT
                        fy2 on r1*0 (c12) ;
                        fy2 on r2*0 (c22) ;
                        fy2 on r3*0 (c32) ;

             !NO EFFECT OF TREATMENT GROUP ON OUTCOME AT THIRD TIME POINT
                        fy3 on r1@0 r2@0 r3@0 ;

             !CONTEMPORANEOUS B PATH EFFECTS
                        fy1 on fm1*0 (b) ;
                        fy2 on fm2*0 (b) ;
                        fy3 on fm3*0 (b) ;

             !ALLOW FOR COVARIANCE BETWEEN BASELINE MEDIATOR
             !AND OUTCOME TRUE VARIATION ON CHANGE SCORES
             !CONSTRAIN COVARIANCE BETWEEN BASELINE MEDIATOR
             !AND OUTCOME TRUE SCORES = 0 AT OTHER TIME POINTS
                        fm0 with fy0*0 ;
                        fm1 with fy1@0 ;
                        fm2 with fy2@0 ;
                        fm3 with fy3@0 ;
                        fy1 with fy2@0 ;
                        fy2 with fy3@0 ;
                        fy1 with fy3@0 ;

             !ALLOW FOR RESIDUAL COVARIANCE BETWEEN MEDIATOR AND OUTCOME AT EACH
             !TIME POINT AND CONSTRAIN TO BE EQUAL (4 AT END OF EACH LINE)
                        m0 with y0 (4) ;
                        y1 with m1 (4) ;
                        y2 with m2 (4) ;
                        y3 with m3 (4) ;

             !USE OF THE BUILT IN MPLUS COMMAND TO REQUEST INDIRECT EFFECTS
             !FOR EACH POST-RANDOMISATION TIME POINT
  MODEL INDIRECT:      y1 ind r1 ;
                       y2 ind r1 ;
                       y3 ind r1 ;
                       y1 ind r2 ;
                       y2 ind r2 ;
                       y3 ind r2 ;
                       y1 ind r3 ;
                       y2 ind r3 ;
                       y3 ind r3 ;

              !BUILT IN COMMAND DOES NOT PROVIDE ALL EFFECTS OF INTEREST
              !BELOW SHOWS USE OF MODEL CONSTRAINT COMMAND TO GET ALL EFFECTS

  MODEL CONSTRAINT:
               !EFFECTS FOR R1
               NEW(r1i11 r1i1t r1d11 r1d1t r11t);
               NEW(r1i21 r1i22 r1i2t r1d21 r1d22 r1d2t r12t);
               NEW(r1i31 r1i32 r1i3t r1d31 r1d32 r1d3t r13t) ;

               !FIRST INDIRECT EFFECT TIME POINT 1
                      r1i11 = a11*b*1 ;
               !TOTAL INDIRECT EFFECT TIME POINT 1
                      r1i1t = r1i11 ;
               !FIRST DIRECT EFFECT TIME POINT 1
                      r1d11 = c11*1 ;
               !TOTAL DIRECT EFFECT TIME POINT 1
                      r1d1t = r1d11 ;
               !TOTAL EFFECT TIME POINT 1 = TOTAL INDIRECT + TOTAL DIRECT
                      r11t = r1i1t + r1d1t ;

               !FIRST INDIRECT EFFECT TIME POINT 2
                      r1i21 = a11*b*y ;
               !SECOND INDIRECT EFFECT TIME POINT 2
                      r1i22 = a12*b*1 ;
               !TOTAL INDIRECT EFFECT TIME POINT 2
                      r1i2t = r1i21 + r1i22 ;
               !FIRST DIRECT EFFECT TIME POINT 2
                      r1d21 = c11*y ;
               !SECOND DIRECT EFFECT TIME POINT 2
                      r1d22 = c12*1 ;
               !TOTAL DIRECT EFFECT TIME POINT 2
                      r1d2t = r1d21 + r1d22 ;
               !TOTAL EFFECT TIME POINT 2 = TOTAL INDIRECT + TOTAL DIRECT
                      r12t = r1i2t + r1d2t ;

                !FIRST INDIRECT EFFECT TIME POINT 3
                      r1i31 = a11*b*y ;
                !SECOND INDIRECT EFFECT TIME POINT 3
                      r1i32 = a12*b*y ;
                !TOTAL INDIRECT EFFECT TIME POINT 3
                      r1i3t = r1i31 + r1i32 ;
                !FIRST DIRECT EFFECT TIME POINT 3
                      r1d31 = c11*y ;
                !SECOND DIRECT EFFECT TIME POINT 3
                      r1d32 = c12*y ;
                !TOTAL DIRECT EFFECT TIME POINT 3
                      r1d3t = r1d31 + r1d32 ;
                !TOTAL EFFECT TIME POINT 3 = TOTAL INDIRECT + TOTAL DIRECT
                      r13t = r1i3t + r1d3t ;

               !EFFECTS FOR R2
               NEW(r2i11 r2i1t r2d11 r2d1t r21t);
               NEW(r2i21 r2i22 r2i2t r2d21 r2d22 r2d2t r22t);
               NEW(r2i31 r2i32 r2i3t r2d31 r2d32 r2d3t r23t) ;

               !FIRST INDIRECT EFFECT TIME POINT 1
                      r2i11 = a21*b*1 ;
               !TOTAL INDIRECT EFFECT TIME POINT 1
                      r2i1t = r2i11 ;
               !FIRST DIRECT EFFECT TIME POINT 1
                      r2d11 = c21*1 ;
               !TOTAL DIRECT EFFECT TIME POINT 1
                      r2d1t = r2d11 ;
               !TOTAL EFFECT TIME POINT 1 = TOTAL INDIRECT + TOTAL DIRECT
                      r21t = r2i1t + r2d1t ;

               !FIRST INDIRECT EFFECT TIME POINT 2
                      r2i21 = a21*b*y ;
               !SECOND INDIRECT EFFECT TIME POINT 2
                      r2i22 = a22*b*1 ;
               !TOTAL INDIRECT EFFECT TIME POINT 2
                      r2i2t = r2i21 + r2i22 ;
               !FIRST DIRECT EFFECT TIME POINT 2
                      r2d21 = c21*y ;
               !SECOND DIRECT EFFECT TIME POINT 2
                      r2d22 = c22*1 ;
               !TOTAL DIRECT EFFECT TIME POINT 2
                      r2d2t = r2d21 + r2d22 ;
               !TOTAL EFFECT TIME POINT 2 = TOTAL INDIRECT + TOTAL DIRECT
                      r22t = r2i2t + r2d2t ;

                !FIRST INDIRECT EFFECT TIME POINT 3
                      r2i31 = a21*b*y ;
                !SECOND INDIRECT EFFECT TIME POINT 3
                      r2i32 = a22*b*y ;
                !TOTAL INDIRECT EFFECT TIME POINT 3
                      r2i3t = r2i31 + r2i32 ;
                !FIRST DIRECT EFFECT TIME POINT 3
                      r2d31 = c21*y ;
                !SECOND DIRECT EFFECT TIME POINT 3
                      r2d32 = c22*y ;
                !TOTAL DIRECT EFFECT TIME POINT 3
                      r2d3t = r2d31 + r2d32 ;
                !TOTAL EFFECT TIME POINT 3 = TOTAL INDIRECT + TOTAL DIRECT
                      r23t = r2i3t + r2d3t ;

               !EFFECTS FOR R3
               NEW(r3i11 r3i1t r3d11 r3d1t r31t);
               NEW(r3i21 r3i22 r3i2t r3d21 r3d22 r3d2t r32t);
               NEW(r3i31 r3i32 r3i3t r3d31 r3d32 r3d3t r33t) ;

               !FIRST INDIRECT EFFECT TIME POINT 1
                      r3i11 = a31*b*1 ;
               !TOTAL INDIRECT EFFECT TIME POINT 1
                      r3i1t = r3i11 ;
               !FIRST DIRECT EFFECT TIME POINT 1
                      r3d11 = c31*1 ;
               !TOTAL DIRECT EFFECT TIME POINT 1
                      r3d1t = r3d11 ;
               !TOTAL EFFECT TIME POINT 1 = TOTAL INDIRECT + TOTAL DIRECT
                      r31t = r3i1t + r3d1t ;

               !FIRST INDIRECT EFFECT TIME POINT 2
                      r3i21 = a31*b*y ;
               !SECOND INDIRECT EFFECT TIME POINT 2
                      r3i22 = a32*b*1 ;
               !TOTAL INDIRECT EFFECT TIME POINT 2
                      r3i2t = r3i21 + r3i22 ;
               !FIRST DIRECT EFFECT TIME POINT 2
                      r3d21 = c31*y ;
               !SECOND DIRECT EFFECT TIME POINT 2
                      r3d22 = c32*1 ;
               !TOTAL DIRECT EFFECT TIME POINT 2
                      r3d2t = r3d21 + r3d22 ;
               !TOTAL EFFECT TIME POINT 2 = TOTAL INDIRECT + TOTAL DIRECT
                      r32t = r3i2t + r3d2t ;

                !FIRST INDIRECT EFFECT TIME POINT 3
                      r3i31 = a31*b*y ;
                !SECOND INDIRECT EFFECT TIME POINT 3
                      r3i32 = a32*b*y ;
                !TOTAL INDIRECT EFFECT TIME POINT 3
                      r3i3t = r3i31 + r3i32 ;
                !FIRST DIRECT EFFECT TIME POINT 3
                      r3d31 = c31*y ;
                !SECOND DIRECT EFFECT TIME POINT 3
                      r3d32 = c32*y ;
                !TOTAL DIRECT EFFECT TIME POINT 3
                      r3d3t = r3d31 + r3d32 ;
                !TOTAL EFFECT TIME POINT 3 = TOTAL INDIRECT + TOTAL DIRECT
                      r33t = r3i3t + r3d3t ;

  OUTPUT:             CINTERVAL(BOOTSTRAP) ;



INPUT READING TERMINATED NORMALLY




SUMMARY OF ANALYSIS

Number of groups                                                 1
Number of observations                                         640

Number of dependent variables                                    8
Number of independent variables                                  3
Number of continuous latent variables                            8

Observed dependent variables

  Continuous
   Y0          Y1          Y2          Y3          M0          M1
   M2          M3

Observed independent variables
   R1          R2          R3

Continuous latent variables
   FM0         FM1         FM2         FM3         FY0         FY1
   FY2         FY3


Estimator                                                       ML
Information matrix                                        OBSERVED
Maximum number of iterations                                  1000
Convergence criterion                                    0.500D-04
Maximum number of steepest descent iterations                   20
Maximum number of iterations for H1                           2000
Convergence criterion for H1                             0.100D-03
Number of bootstrap draws
    Requested                                                 1000
    Completed                                                 1000

Input data file(s)
  longitudinal mediation.dat

Input data format  FREE


SUMMARY OF DATA

     Number of missing data patterns             1


COVARIANCE COVERAGE OF DATA

Minimum covariance coverage value   0.100


     PROPORTION OF DATA PRESENT


           Covariance Coverage
              Y0            Y1            Y2            Y3            M0
              ________      ________      ________      ________      ________
 Y0             1.000
 Y1             1.000         1.000
 Y2             1.000         1.000         1.000
 Y3             1.000         1.000         1.000         1.000
 M0             1.000         1.000         1.000         1.000         1.000
 M1             1.000         1.000         1.000         1.000         1.000
 M2             1.000         1.000         1.000         1.000         1.000
 M3             1.000         1.000         1.000         1.000         1.000
 R1             1.000         1.000         1.000         1.000         1.000
 R2             1.000         1.000         1.000         1.000         1.000
 R3             1.000         1.000         1.000         1.000         1.000


           Covariance Coverage
              M1            M2            M3            R1            R2
              ________      ________      ________      ________      ________
 M1             1.000
 M2             1.000         1.000
 M3             1.000         1.000         1.000
 R1             1.000         1.000         1.000         1.000
 R2             1.000         1.000         1.000         1.000         1.000
 R3             1.000         1.000         1.000         1.000         1.000


           Covariance Coverage
              R3
              ________
 R3             1.000



THE MODEL ESTIMATION TERMINATED NORMALLY



MODEL FIT INFORMATION

Number of Free Parameters                       35

Loglikelihood

          H0 Value                       -6681.126
          H1 Value                       -6668.032

Information Criteria

          Akaike (AIC)                   13432.252
          Bayesian (BIC)                 13588.403
          Sample-Size Adjusted BIC       13477.280
            (n* = (n + 2) / 24)

Chi-Square Test of Model Fit

          Value                             26.187
          Degrees of Freedom                    33
          P-Value                           0.7941

RMSEA (Root Mean Square Error Of Approximation)

          Estimate                           0.000
          90 Percent C.I.                    0.000  0.020
          Probability RMSEA <= .05           1.000

CFI/TLI

          CFI                                1.000
          TLI                                1.003

Chi-Square Test of Model Fit for the Baseline Model

          Value                           3311.177
          Degrees of Freedom                    52
          P-Value                           0.0000

SRMR (Standardized Root Mean Square Residual)

          Value                              0.020



MODEL RESULTS

                                                    Two-Tailed
                    Estimate       S.E.  Est./S.E.    P-Value

 FM0      BY
    M0                 1.000      0.000    999.000    999.000
    M1                 0.628      0.064      9.786      0.000
    M2                 0.628      0.064      9.786      0.000
    M3                 0.628      0.064      9.786      0.000

 FM1      BY
    M1                 1.000      0.000    999.000    999.000
    M2                 0.628      0.064      9.786      0.000
    M3                 0.628      0.064      9.786      0.000

 FM2      BY
    M2                 1.000      0.000    999.000    999.000
    M3                 0.628      0.064      9.786      0.000

 FM3      BY
    M3                 1.000      0.000    999.000    999.000

 FY0      BY
    Y0                 1.000      0.000    999.000    999.000
    Y1                 1.016      0.086     11.750      0.000
    Y2                 1.016      0.086     11.750      0.000
    Y3                 1.016      0.086     11.750      0.000

 FY1      BY
    Y1                 1.000      0.000    999.000    999.000
    Y2                 1.016      0.086     11.750      0.000
    Y3                 1.016      0.086     11.750      0.000

 FY2      BY
    Y2                 1.000      0.000    999.000    999.000
    Y3                 1.016      0.086     11.750      0.000

 FY3      BY
    Y3                 1.000      0.000    999.000    999.000

 FY1      ON
    FM1               -0.318      0.091     -3.506      0.000

 FY2      ON
    FM2               -0.318      0.091     -3.506      0.000

 FY3      ON
    FM3               -0.318      0.091     -3.506      0.000

 FM1      ON
    R1                -0.828      0.097     -8.538      0.000
    R2                 0.057      0.094      0.607      0.544
    R3                -0.952      0.096     -9.887      0.000

 FM2      ON
    R1                -0.311      0.103     -3.021      0.003
    R2                 0.072      0.090      0.802      0.423
    R3                -0.359      0.116     -3.093      0.002

 FM3      ON
    R1                 0.000      0.000    999.000    999.000
    R2                 0.000      0.000    999.000    999.000
    R3                 0.000      0.000    999.000    999.000

 FY1      ON
    R1                 0.340      0.128      2.650      0.008
    R2                 0.039      0.109      0.355      0.722
    R3                 0.182      0.139      1.304      0.192

 FY2      ON
    R1                 0.053      0.104      0.509      0.611
    R2                 0.144      0.104      1.384      0.166
    R3                 0.120      0.112      1.071      0.284

 FY3      ON
    R1                 0.000      0.000    999.000    999.000
    R2                 0.000      0.000    999.000    999.000
    R3                 0.000      0.000    999.000    999.000

 FM0      WITH
    FY0                0.006      0.041      0.144      0.886

 FM1      WITH
    FY1                0.000      0.000    999.000    999.000

 FM2      WITH
    FY2                0.000      0.000    999.000    999.000

 FM3      WITH
    FY3                0.000      0.000    999.000    999.000

 FY1      WITH
    FY2                0.000      0.000    999.000    999.000
    FY3                0.000      0.000    999.000    999.000

 FY2      WITH
    FY3                0.000      0.000    999.000    999.000

 M0       WITH
    Y0                -0.005      0.018     -0.292      0.770

 Y1       WITH
    M1                -0.005      0.018     -0.292      0.770

 Y2       WITH
    M2                -0.005      0.018     -0.292      0.770

 Y3       WITH
    M3                -0.005      0.018     -0.292      0.770

 Intercepts
    Y0                -0.040      0.043     -0.947      0.344
    Y1                 0.241      0.082      2.943      0.003
    Y2                 0.276      0.101      2.721      0.007
    Y3                 0.479      0.105      4.549      0.000
    M0                 0.007      0.040      0.167      0.868
    M1                -0.093      0.071     -1.309      0.191
    M2                -0.309      0.077     -3.988      0.000
    M3                -0.413      0.070     -5.886      0.000

 Variances
    FM0                0.941      0.103      9.173      0.000
    FY0                0.815      0.082      9.926      0.000

 Residual Variances
    Y0                 0.296      0.056      5.243      0.000
    Y1                 0.296      0.056      5.243      0.000
    Y2                 0.296      0.056      5.243      0.000
    Y3                 0.296      0.056      5.243      0.000
    M0                 0.094      0.088      1.064      0.287
    M1                 0.094      0.088      1.064      0.287
    M2                 0.094      0.088      1.064      0.287
    M3                 0.094      0.088      1.064      0.287
    FM1                0.618      0.129      4.784      0.000
    FM2                0.470      0.123      3.837      0.000
    FM3                0.350      0.134      2.604      0.009
    FY1                0.447      0.114      3.912      0.000
    FY2                0.311      0.093      3.345      0.001
    FY3                0.313      0.101      3.098      0.002

New/Additional Parameters
    R1I11              0.263      0.084      3.116      0.002
    R1I1T              0.263      0.084      3.116      0.002
    R1D11              0.340      0.128      2.650      0.008
    R1D1T              0.340      0.128      2.650      0.008
    R11T               0.603      0.106      5.709      0.000
    R1I21              0.267      0.079      3.383      0.001
    R1I22              0.099      0.035      2.853      0.004
    R1I2T              0.366      0.092      3.964      0.000
    R1D21              0.346      0.138      2.505      0.012
    R1D22              0.053      0.104      0.509      0.611
    R1D2T              0.398      0.149      2.666      0.008
    R12T               0.765      0.126      6.089      0.000
    R1I31              0.267      0.079      3.383      0.001
    R1I32              0.100      0.034      2.956      0.003
    R1I3T              0.368      0.092      4.006      0.000
    R1D31              0.346      0.138      2.505      0.012
    R1D32              0.054      0.105      0.513      0.608
    R1D3T              0.399      0.151      2.653      0.008
    R13T               0.767      0.128      5.978      0.000
    R2I11             -0.018      0.032     -0.559      0.576
    R2I1T             -0.018      0.032     -0.559      0.576
    R2D11              0.039      0.109      0.355      0.722
    R2D1T              0.039      0.109      0.355      0.722
    R21T               0.021      0.112      0.183      0.855
    R2I21             -0.018      0.032     -0.567      0.571
    R2I22             -0.023      0.032     -0.722      0.471
    R2I2T             -0.041      0.044     -0.948      0.343
    R2D21              0.039      0.110      0.358      0.720
    R2D22              0.144      0.104      1.384      0.166
    R2D2T              0.183      0.129      1.423      0.155
    R22T               0.142      0.132      1.073      0.283
    R2I31             -0.018      0.032     -0.567      0.571
    R2I32             -0.023      0.032     -0.742      0.458
    R2I3T             -0.042      0.043     -0.961      0.336
    R2D31              0.039      0.110      0.358      0.720
    R2D32              0.147      0.109      1.347      0.178
    R2D3T              0.186      0.131      1.423      0.155
    R23T               0.144      0.134      1.074      0.283
    R3I11              0.303      0.093      3.263      0.001
    R3I1T              0.303      0.093      3.263      0.001
    R3D11              0.182      0.139      1.304      0.192
    R3D1T              0.182      0.139      1.304      0.192
    R31T               0.484      0.113      4.288      0.000
    R3I21              0.308      0.087      3.542      0.000
    R3I22              0.114      0.037      3.088      0.002
    R3I2T              0.422      0.100      4.236      0.000
    R3D21              0.185      0.146      1.270      0.204
    R3D22              0.120      0.112      1.071      0.284
    R3D2T              0.305      0.154      1.981      0.048
    R32T               0.726      0.134      5.435      0.000
    R3I31              0.308      0.087      3.542      0.000
    R3I32              0.116      0.036      3.252      0.001
    R3I3T              0.423      0.099      4.282      0.000
    R3D31              0.185      0.146      1.270      0.204
    R3D32              0.122      0.111      1.096      0.273
    R3D3T              0.307      0.155      1.976      0.048
    R33T               0.730      0.136      5.374      0.000


TOTAL, TOTAL INDIRECT, SPECIFIC INDIRECT, AND DIRECT EFFECTS


                                                    Two-Tailed
                    Estimate       S.E.  Est./S.E.    P-Value

Effects from R1 to Y1

  Total                0.603      0.106      5.709      0.000
  Total indirect       0.603      0.106      5.709      0.000

  Specific indirect

    Y1
    FY1
    R1                 0.340      0.128      2.650      0.008

    Y1
    FY1
    FM1
    R1                 0.263      0.084      3.116      0.002


Effects from R2 to Y1

  Total                0.021      0.112      0.183      0.855
  Total indirect       0.021      0.112      0.183      0.855

  Specific indirect

    Y1
    FY1
    R2                 0.039      0.109      0.355      0.722

    Y1
    FY1
    FM1
    R2                -0.018      0.032     -0.559      0.576


Effects from R3 to Y1

  Total                0.484      0.113      4.288      0.000
  Total indirect       0.484      0.113      4.288      0.000

  Specific indirect

    Y1
    FY1
    R3                 0.182      0.139      1.304      0.192

    Y1
    FY1
    FM1
    R3                 0.303      0.093      3.263      0.001


Effects from R1 to Y2

  Total                0.765      0.126      6.089      0.000
  Total indirect       0.765      0.126      6.089      0.000

  Specific indirect

    Y2
    FY1
    R1                 0.346      0.138      2.505      0.012

    Y2
    FY2
    R1                 0.053      0.104      0.509      0.611

    Y2
    FY1
    FM1
    R1                 0.267      0.079      3.383      0.001

    Y2
    FY2
    FM2
    R1                 0.099      0.035      2.853      0.004


Effects from R2 to Y2

  Total                0.142      0.132      1.073      0.283
  Total indirect       0.142      0.132      1.073      0.283

  Specific indirect

    Y2
    FY1
    R2                 0.039      0.110      0.358      0.720

    Y2
    FY2
    R2                 0.144      0.104      1.384      0.166

    Y2
    FY1
    FM1
    R2                -0.018      0.032     -0.567      0.571

    Y2
    FY2
    FM2
    R2                -0.023      0.032     -0.722      0.471


Effects from R3 to Y2

  Total                0.726      0.134      5.435      0.000
  Total indirect       0.726      0.134      5.435      0.000

  Specific indirect

    Y2
    FY1
    R3                 0.185      0.146      1.270      0.204

    Y2
    FY2
    R3                 0.120      0.112      1.071      0.284

    Y2
    FY1
    FM1
    R3                 0.308      0.087      3.542      0.000

    Y2
    FY2
    FM2
    R3                 0.114      0.037      3.088      0.002


Effects from R1 to Y3

  Total                0.767      0.128      5.978      0.000
  Total indirect       0.767      0.128      5.978      0.000

  Specific indirect

    Y3
    FY1
    R1                 0.346      0.138      2.505      0.012

    Y3
    FY2
    R1                 0.054      0.105      0.513      0.608

    Y3
    FY1
    FM1
    R1                 0.267      0.079      3.383      0.001

    Y3
    FY2
    FM2
    R1                 0.100      0.034      2.956      0.003


Effects from R2 to Y3

  Total                0.144      0.134      1.074      0.283
  Total indirect       0.144      0.134      1.074      0.283

  Specific indirect

    Y3
    FY1
    R2                 0.039      0.110      0.358      0.720

    Y3
    FY2
    R2                 0.147      0.109      1.347      0.178

    Y3
    FY1
    FM1
    R2                -0.018      0.032     -0.567      0.571

    Y3
    FY2
    FM2
    R2                -0.023      0.032     -0.742      0.458


Effects from R3 to Y3

  Total                0.730      0.136      5.374      0.000
  Total indirect       0.730      0.136      5.374      0.000

  Specific indirect

    Y3
    FY1
    R3                 0.185      0.146      1.270      0.204

    Y3
    FY2
    R3                 0.122      0.111      1.096      0.273

    Y3
    FY1
    FM1
    R3                 0.308      0.087      3.542      0.000

    Y3
    FY2
    FM2
    R3                 0.116      0.036      3.252      0.001



CONFIDENCE INTERVALS OF MODEL RESULTS

                  Lower .5%  Lower 2.5%    Lower 5%    Estimate    Upper 5%  Upper 2.5%   Upper .5%

 FM0      BY
    M0               1.000       1.000       1.000       1.000       1.000       1.000       1.000
    M1               0.479       0.511       0.530       0.628       0.737       0.761       0.798
    M2               0.479       0.511       0.530       0.628       0.737       0.761       0.798
    M3               0.479       0.511       0.530       0.628       0.737       0.761       0.798

 FM1      BY
    M1               1.000       1.000       1.000       1.000       1.000       1.000       1.000
    M2               0.479       0.511       0.530       0.628       0.737       0.761       0.798
    M3               0.479       0.511       0.530       0.628       0.737       0.761       0.798

 FM2      BY
    M2               1.000       1.000       1.000       1.000       1.000       1.000       1.000
    M3               0.479       0.511       0.530       0.628       0.737       0.761       0.798

 FM3      BY
    M3               1.000       1.000       1.000       1.000       1.000       1.000       1.000

 FY0      BY
    Y0               1.000       1.000       1.000       1.000       1.000       1.000       1.000
    Y1               0.732       0.828       0.866       1.016       1.148       1.180       1.240
    Y2               0.732       0.828       0.866       1.016       1.148       1.180       1.240
    Y3               0.732       0.828       0.866       1.016       1.148       1.180       1.240

 FY1      BY
    Y1               1.000       1.000       1.000       1.000       1.000       1.000       1.000
    Y2               0.732       0.828       0.866       1.016       1.148       1.180       1.240
    Y3               0.732       0.828       0.866       1.016       1.148       1.180       1.240

 FY2      BY
    Y2               1.000       1.000       1.000       1.000       1.000       1.000       1.000
    Y3               0.732       0.828       0.866       1.016       1.148       1.180       1.240

 FY3      BY
    Y3               1.000       1.000       1.000       1.000       1.000       1.000       1.000

 FY1      ON
    FM1             -0.636      -0.527      -0.488      -0.318      -0.199      -0.185      -0.151

 FY2      ON
    FM2             -0.636      -0.527      -0.488      -0.318      -0.199      -0.185      -0.151

 FY3      ON
    FM3             -0.636      -0.527      -0.488      -0.318      -0.199      -0.185      -0.151

 FM1      ON
    R1              -1.120      -1.010      -0.984      -0.828      -0.663      -0.635      -0.585
    R2              -0.199      -0.120      -0.096       0.057       0.202       0.228       0.321
    R3              -1.216      -1.159      -1.117      -0.952      -0.798      -0.779      -0.739

 FM2      ON
    R1              -0.547      -0.495      -0.478      -0.311      -0.135      -0.096      -0.022
    R2              -0.163      -0.094      -0.078       0.072       0.219       0.246       0.287
    R3              -0.635      -0.572      -0.539      -0.359      -0.157      -0.115      -0.025

 FM3      ON
    R1               0.000       0.000       0.000       0.000       0.000       0.000       0.000
    R2               0.000       0.000       0.000       0.000       0.000       0.000       0.000
    R3               0.000       0.000       0.000       0.000       0.000       0.000       0.000

 FY1      ON
    R1              -0.006       0.068       0.114       0.340       0.533       0.568       0.639
    R2              -0.232      -0.177      -0.127       0.039       0.220       0.258       0.323
    R3              -0.232      -0.099      -0.061       0.182       0.398       0.430       0.505

 FY2      ON
    R1              -0.216      -0.139      -0.115       0.053       0.227       0.255       0.303
    R2              -0.131      -0.067      -0.030       0.144       0.308       0.341       0.427
    R3              -0.178      -0.097      -0.066       0.120       0.304       0.347       0.433

 FY3      ON
    R1               0.000       0.000       0.000       0.000       0.000       0.000       0.000
    R2               0.000       0.000       0.000       0.000       0.000       0.000       0.000
    R3               0.000       0.000       0.000       0.000       0.000       0.000       0.000

 FM0      WITH
    FY0             -0.114      -0.076      -0.064       0.006       0.071       0.086       0.103

 FM1      WITH
    FY1              0.000       0.000       0.000       0.000       0.000       0.000       0.000

 FM2      WITH
    FY2              0.000       0.000       0.000       0.000       0.000       0.000       0.000

 FM3      WITH
    FY3              0.000       0.000       0.000       0.000       0.000       0.000       0.000

 FY1      WITH
    FY2              0.000       0.000       0.000       0.000       0.000       0.000       0.000
    FY3              0.000       0.000       0.000       0.000       0.000       0.000       0.000

 FY2      WITH
    FY3              0.000       0.000       0.000       0.000       0.000       0.000       0.000

 M0       WITH
    Y0              -0.049      -0.036      -0.032      -0.005       0.028       0.033       0.049

 Y1       WITH
    M1              -0.049      -0.036      -0.032      -0.005       0.028       0.033       0.049

 Y2       WITH
    M2              -0.049      -0.036      -0.032      -0.005       0.028       0.033       0.049

 Y3       WITH
    M3              -0.049      -0.036      -0.032      -0.005       0.028       0.033       0.049

 Intercepts
    Y0              -0.155      -0.127      -0.111      -0.040       0.032       0.042       0.070
    Y1               0.031       0.068       0.099       0.241       0.368       0.390       0.453
    Y2               0.005       0.070       0.098       0.276       0.436       0.475       0.527
    Y3               0.184       0.271       0.297       0.479       0.655       0.684       0.739
    M0              -0.093      -0.070      -0.058       0.007       0.074       0.088       0.112
    M1              -0.264      -0.239      -0.213      -0.093       0.026       0.051       0.086
    M2              -0.491      -0.457      -0.435      -0.309      -0.181      -0.159      -0.114
    M3              -0.590      -0.546      -0.526      -0.413      -0.299      -0.270      -0.228

 Variances
    FM0              0.704       0.752       0.786       0.941       1.115       1.154       1.256
    FY0              0.638       0.676       0.694       0.815       0.961       0.995       1.079

 Residual Variances
    Y0               0.033       0.156       0.192       0.296       0.360       0.373       0.400
    Y1               0.033       0.156       0.192       0.296       0.360       0.373       0.400
    Y2               0.033       0.156       0.192       0.296       0.360       0.373       0.400
    Y3               0.033       0.156       0.192       0.296       0.360       0.373       0.400
    M0              -0.186      -0.110      -0.068       0.094       0.214       0.232       0.257
    M1              -0.186      -0.110      -0.068       0.094       0.214       0.232       0.257
    M2              -0.186      -0.110      -0.068       0.094       0.214       0.232       0.257
    M3              -0.186      -0.110      -0.068       0.094       0.214       0.232       0.257
    FM1              0.326       0.403       0.422       0.618       0.847       0.882       0.981
    FM2              0.218       0.259       0.287       0.470       0.697       0.740       0.829
    FM3              0.089       0.134       0.155       0.350       0.602       0.649       0.766
    FY1              0.201       0.264       0.291       0.447       0.653       0.709       0.835
    FY2              0.156       0.175       0.198       0.311       0.475       0.540       0.734
    FY3              0.101       0.148       0.176       0.313       0.485       0.531       0.680

New/Additional Parameters
    R1I11            0.113       0.143       0.157       0.263       0.433       0.465       0.549
    R1I1T            0.113       0.143       0.157       0.263       0.433       0.465       0.549
    R1D11           -0.006       0.068       0.114       0.340       0.533       0.568       0.639
    R1D1T           -0.006       0.068       0.114       0.340       0.533       0.568       0.639
    R11T             0.339       0.398       0.425       0.603       0.774       0.803       0.879
    R1I21            0.123       0.148       0.159       0.267       0.421       0.452       0.518
    R1I22            0.006       0.034       0.048       0.099       0.157       0.170       0.210
    R1I2T            0.174       0.214       0.232       0.366       0.535       0.583       0.634
    R1D21           -0.007       0.070       0.111       0.346       0.562       0.600       0.687
    R1D22           -0.216      -0.139      -0.115       0.053       0.227       0.255       0.303
    R1D2T           -0.014       0.098       0.141       0.398       0.639       0.678       0.760
    R12T             0.446       0.529       0.565       0.765       0.969       1.019       1.085
    R1I31            0.123       0.148       0.159       0.267       0.421       0.452       0.518
    R1I32            0.005       0.036       0.048       0.100       0.157       0.170       0.188
    R1I3T            0.179       0.214       0.234       0.368       0.532       0.574       0.637
    R1D31           -0.007       0.070       0.111       0.346       0.562       0.600       0.687
    R1D32           -0.250      -0.145      -0.116       0.054       0.225       0.247       0.298
    R1D3T           -0.013       0.093       0.141       0.399       0.645       0.682       0.749
    R13T             0.445       0.526       0.562       0.767       0.971       1.023       1.105
    R2I11           -0.123      -0.079      -0.071      -0.018       0.032       0.043       0.073
    R2I1T           -0.123      -0.079      -0.071      -0.018       0.032       0.043       0.073
    R2D11           -0.232      -0.177      -0.127       0.039       0.220       0.258       0.323
    R2D1T           -0.232      -0.177      -0.127       0.039       0.220       0.258       0.323
    R21T            -0.245      -0.196      -0.159       0.021       0.212       0.251       0.318
    R2I21           -0.116      -0.081      -0.070      -0.018       0.033       0.043       0.071
    R2I22           -0.112      -0.094      -0.080      -0.023       0.026       0.034       0.062
    R2I2T           -0.158      -0.133      -0.120      -0.041       0.027       0.038       0.070
    R2D21           -0.257      -0.178      -0.130       0.039       0.221       0.251       0.323
    R2D22           -0.131      -0.067      -0.030       0.144       0.308       0.341       0.427
    R2D2T           -0.165      -0.077      -0.031       0.183       0.401       0.435       0.515
    R22T            -0.214      -0.125      -0.079       0.142       0.352       0.406       0.481
    R2I31           -0.116      -0.081      -0.070      -0.018       0.033       0.043       0.071
    R2I32           -0.111      -0.093      -0.079      -0.023       0.026       0.034       0.063
    R2I3T           -0.159      -0.131      -0.119      -0.042       0.026       0.036       0.074
    R2D31           -0.257      -0.178      -0.130       0.039       0.221       0.251       0.323
    R2D32           -0.133      -0.068      -0.029       0.147       0.324       0.358       0.441
    R2D3T           -0.162      -0.072      -0.026       0.186       0.403       0.439       0.537
    R23T            -0.210      -0.125      -0.075       0.144       0.364       0.414       0.501
    R3I11            0.140       0.164       0.184       0.303       0.479       0.529       0.630
    R3I1T            0.140       0.164       0.184       0.303       0.479       0.529       0.630
    R3D11           -0.232      -0.099      -0.061       0.182       0.398       0.430       0.505
    R3D1T           -0.232      -0.099      -0.061       0.182       0.398       0.430       0.505
    R31T             0.179       0.259       0.303       0.484       0.682       0.709       0.755
    R3I21            0.147       0.174       0.189       0.308       0.474       0.508       0.586
    R3I22            0.013       0.045       0.056       0.114       0.175       0.193       0.218
    R3I2T            0.214       0.257       0.278       0.422       0.611       0.639       0.704
    R3D21           -0.210      -0.096      -0.062       0.185       0.417       0.457       0.545
    R3D22           -0.178      -0.097      -0.066       0.120       0.304       0.347       0.433
    R3D2T           -0.142      -0.011       0.039       0.305       0.539       0.584       0.650
    R32T             0.390       0.475       0.509       0.726       0.950       0.981       1.066
    R3I31            0.147       0.174       0.189       0.308       0.474       0.508       0.586
    R3I32            0.012       0.044       0.058       0.116       0.173       0.185       0.215
    R3I3T            0.217       0.263       0.280       0.423       0.609       0.637       0.697
    R3D31           -0.210      -0.096      -0.062       0.185       0.417       0.457       0.545
    R3D32           -0.185      -0.102      -0.069       0.122       0.303       0.342       0.419
    R3D3T           -0.133      -0.012       0.039       0.307       0.542       0.590       0.647
    R33T             0.384       0.473       0.509       0.730       0.959       0.990       1.089


CONFIDENCE INTERVALS OF TOTAL, TOTAL INDIRECT, SPECIFIC INDIRECT, AND DIRECT EFFECTS


                  Lower .5%  Lower 2.5%    Lower 5%    Estimate    Upper 5%  Upper 2.5%   Upper .5%

Effects from R1 to Y1

  Total              0.339       0.398       0.425       0.603       0.774       0.803       0.879
  Total indirect     0.339       0.398       0.425       0.603       0.774       0.803       0.879

  Specific indirect

    Y1
    FY1
    R1              -0.006       0.068       0.114       0.340       0.533       0.568       0.639

    Y1
    FY1
    FM1
    R1               0.113       0.143       0.157       0.263       0.433       0.465       0.549


Effects from R2 to Y1

  Total             -0.245      -0.196      -0.159       0.021       0.212       0.251       0.318
  Total indirect    -0.245      -0.196      -0.159       0.021       0.212       0.251       0.318

  Specific indirect

    Y1
    FY1
    R2              -0.232      -0.177      -0.127       0.039       0.220       0.258       0.323

    Y1
    FY1
    FM1
    R2              -0.123      -0.079      -0.071      -0.018       0.032       0.043       0.073


Effects from R3 to Y1

  Total              0.179       0.259       0.303       0.484       0.682       0.709       0.755
  Total indirect     0.179       0.259       0.303       0.484       0.682       0.709       0.755

  Specific indirect

    Y1
    FY1
    R3              -0.232      -0.099      -0.061       0.182       0.398       0.430       0.505

    Y1
    FY1
    FM1
    R3               0.140       0.164       0.184       0.303       0.479       0.529       0.630


Effects from R1 to Y2

  Total              0.446       0.529       0.565       0.765       0.969       1.019       1.085
  Total indirect     0.446       0.529       0.565       0.765       0.969       1.019       1.085

  Specific indirect

    Y2
    FY1
    R1              -0.007       0.070       0.111       0.346       0.562       0.600       0.687

    Y2
    FY2
    R1              -0.216      -0.139      -0.115       0.053       0.227       0.255       0.303

    Y2
    FY1
    FM1
    R1               0.123       0.148       0.159       0.267       0.421       0.452       0.518

    Y2
    FY2
    FM2
    R1               0.006       0.034       0.048       0.099       0.157       0.170       0.210


Effects from R2 to Y2

  Total             -0.214      -0.125      -0.079       0.142       0.352       0.406       0.481
  Total indirect    -0.214      -0.125      -0.079       0.142       0.352       0.406       0.481

  Specific indirect

    Y2
    FY1
    R2              -0.257      -0.178      -0.130       0.039       0.221       0.251       0.323

    Y2
    FY2
    R2              -0.131      -0.067      -0.030       0.144       0.308       0.341       0.427

    Y2
    FY1
    FM1
    R2              -0.116      -0.081      -0.070      -0.018       0.033       0.043       0.071

    Y2
    FY2
    FM2
    R2              -0.112      -0.094      -0.080      -0.023       0.026       0.034       0.062


Effects from R3 to Y2

  Total              0.390       0.475       0.509       0.726       0.950       0.981       1.066
  Total indirect     0.390       0.475       0.509       0.726       0.950       0.981       1.066

  Specific indirect

    Y2
    FY1
    R3              -0.210      -0.096      -0.062       0.185       0.417       0.457       0.545

    Y2
    FY2
    R3              -0.178      -0.097      -0.066       0.120       0.304       0.347       0.433

    Y2
    FY1
    FM1
    R3               0.147       0.174       0.189       0.308       0.474       0.508       0.586

    Y2
    FY2
    FM2
    R3               0.013       0.045       0.056       0.114       0.175       0.193       0.218


Effects from R1 to Y3

  Total              0.445       0.526       0.562       0.767       0.971       1.023       1.105
  Total indirect     0.445       0.526       0.562       0.767       0.971       1.023       1.105

  Specific indirect

    Y3
    FY1
    R1              -0.007       0.070       0.111       0.346       0.562       0.600       0.687

    Y3
    FY2
    R1              -0.250      -0.145      -0.116       0.054       0.225       0.247       0.298

    Y3
    FY1
    FM1
    R1               0.123       0.148       0.159       0.267       0.421       0.452       0.518

    Y3
    FY2
    FM2
    R1               0.005       0.036       0.048       0.100       0.157       0.170       0.188


Effects from R2 to Y3

  Total             -0.210      -0.125      -0.075       0.144       0.364       0.414       0.501
  Total indirect    -0.210      -0.125      -0.075       0.144       0.364       0.414       0.501

  Specific indirect

    Y3
    FY1
    R2              -0.257      -0.178      -0.130       0.039       0.221       0.251       0.323

    Y3
    FY2
    R2              -0.133      -0.068      -0.029       0.147       0.324       0.358       0.441

    Y3
    FY1
    FM1
    R2              -0.116      -0.081      -0.070      -0.018       0.033       0.043       0.071

    Y3
    FY2
    FM2
    R2              -0.111      -0.093      -0.079      -0.023       0.026       0.034       0.063


Effects from R3 to Y3

  Total              0.384       0.473       0.509       0.730       0.959       0.990       1.089
  Total indirect     0.384       0.473       0.509       0.730       0.959       0.990       1.089

  Specific indirect

    Y3
    FY1
    R3              -0.210      -0.096      -0.062       0.185       0.417       0.457       0.545

    Y3
    FY2
    R3              -0.185      -0.102      -0.069       0.122       0.303       0.342       0.419

    Y3
    FY1
    FM1
    R3               0.147       0.174       0.189       0.308       0.474       0.508       0.586

    Y3
    FY2
    FM2
    R3               0.012       0.044       0.058       0.116       0.173       0.185       0.215



DIAGRAM INFORMATION

  Use View Diagram under the Diagram menu in the Mplus Editor to view the diagram.
  If running Mplus from the Mplus Diagrammer, the diagram opens automatically.

  Diagram output
    u:\_ phd stuff\thesis papers\papers\three types of sem\second revision if there is one\mplus dat

     Beginning Time:  21:32:27
        Ending Time:  21:33:05
       Elapsed Time:  00:00:38



MUTHEN & MUTHEN
3463 Stoner Ave.
Los Angeles, CA  90066

Tel: (310) 391-9971
Fax: (310) 391-8971
Web: www.StatModel.com
Support: Support@StatModel.com

Copyright (c) 1998-2014 Muthen & Muthen
